Using pre-set license
Built from '2020.3/staging' branch; Version is '2020.3.9f1 (108be757e447) revision 1084391'; Using compiler version '192528614'; Build Type 'Release'
OS: 'Windows 10 Pro; OS build 19041.1165; Version 2004; 64bit' Language: 'en' Physical Memory: 16335 MB
BatchMode: 1, IsHumanControllingUs: 0, StartBugReporterOnCrash: 0, Is64bit: 1, IsPro: 0

 COMMAND LINE ARGUMENTS:
D:\UnityEditors\Unity\Editor\Unity.exe
-adb2
-batchMode
-noUpm
-name
AssetImportWorker0
-projectPath
D:/Github Repo/GDFUNDA-GameJam2
-logFile
Logs/AssetImportWorker0.log
-srvPort
55710
Successfully changed project path to: D:/Github Repo/GDFUNDA-GameJam2
D:/Github Repo/GDFUNDA-GameJam2
Using Asset Import Pipeline V2.
Refreshing native plugins compatible for Editor in 115.24 ms, found 0 plugins.
Preloading 0 native plugins for Editor in 0.00 ms.
Initialize engine version: 2020.3.9f1 (108be757e447)
[Subsystems] Discovering subsystems at path D:/UnityEditors/Unity/Editor/Data/Resources/UnitySubsystems
[Subsystems] Discovering subsystems at path D:/Github Repo/GDFUNDA-GameJam2/Assets
GfxDevice: creating device client; threaded=0
Direct3D:
    Version:  Direct3D 11.0 [level 11.1]
    Renderer: NVIDIA GeForce GTX 970 (ID=0x13c2)
    Vendor:   
    VRAM:     4043 MB
    Driver:   26.21.14.4187
Initialize mono
Mono path[0] = 'D:/UnityEditors/Unity/Editor/Data/Managed'
Mono path[1] = 'D:/UnityEditors/Unity/Editor/Data/MonoBleedingEdge/lib/mono/unityjit'
Mono config path = 'D:/UnityEditors/Unity/Editor/Data/MonoBleedingEdge/etc'
Using monoOptions --debugger-agent=transport=dt_socket,embedding=1,server=y,suspend=n,address=127.0.0.1:56168
Begin MonoManager ReloadAssembly
Registering precompiled unity dll's ...
Register platform support module: D:/UnityEditors/Unity/Editor/Data/PlaybackEngines/WindowsStandaloneSupport/UnityEditor.WindowsStandalone.Extensions.dll
Registered in 0.022056 seconds.
Native extension for WindowsStandalone target not found
Refreshing native plugins compatible for Editor in 56.79 ms, found 0 plugins.
Preloading 0 native plugins for Editor in 0.00 ms.
Mono: successfully reloaded assembly
- Completed reload, in  3.749 seconds
Platform modules already initialized, skipping
Registering precompiled user dll's ...
Registered in 0.017497 seconds.
Begin MonoManager ReloadAssembly
Native extension for WindowsStandalone target not found
Refreshing native plugins compatible for Editor in 0.64 ms, found 0 plugins.
Preloading 0 native plugins for Editor in 0.00 ms.
Mono: successfully reloaded assembly
- Completed reload, in  1.936 seconds
Platform modules already initialized, skipping
========================================================================
Worker process is ready to serve import requests
Launched and connected shader compiler UnityShaderCompiler.exe after 0.21 seconds
Refreshing native plugins compatible for Editor in 0.60 ms, found 0 plugins.
Preloading 0 native plugins for Editor in 0.00 ms.
Unloading 1662 Unused Serialized files (Serialized files now loaded: 0)
System memory in use before: 95.1 MB.
System memory in use after: 94.8 MB.

Unloading 12 unused Assets to reduce memory usage. Loaded Objects now: 2112.
Total: 2.453900 ms (FindLiveObjects: 0.201400 ms CreateObjectMapping: 0.041200 ms MarkObjects: 1.822200 ms  DeleteObjects: 0.387300 ms)

========================================================================
Received Import Request.
  path: Assets/DoorPackFree/Prefab/Video intercomV1.prefab
  artifactKey: Guid(98859ffeeab916344bce9e52e502eac9) Importer(815301076,1909f56bfc062723c751e8b465ee728b)
Start importing Assets/DoorPackFree/Prefab/Video intercomV1.prefab using Guid(98859ffeeab916344bce9e52e502eac9) Importer(815301076,1909f56bfc062723c751e8b465ee728b)  -> (artifact id: 'e8a57dc36eda255f588b716d887a1ce5') in 0.841243 seconds
  Import took 0.902461 seconds .

========================================================================
Received Import Request.
  Time since last request: 0.000334 seconds.
  path: Assets/DoorPackFree/Prefab/Video intercomV2.prefab
  artifactKey: Guid(f742591dd0579d348b57910f6cb34ed2) Importer(815301076,1909f56bfc062723c751e8b465ee728b)
Start importing Assets/DoorPackFree/Prefab/Video intercomV2.prefab using Guid(f742591dd0579d348b57910f6cb34ed2) Importer(815301076,1909f56bfc062723c751e8b465ee728b)  -> (artifact id: '6775977ca89fbd1315ce97249d1da751') in 0.287838 seconds
  Import took 0.310914 seconds .

========================================================================
Received Prepare
Registering precompiled user dll's ...
Registered in 0.002135 seconds.
Begin MonoManager ReloadAssembly
Native extension for WindowsStandalone target not found
Refreshing native plugins compatible for Editor in 0.58 ms, found 0 plugins.
Preloading 0 native plugins for Editor in 0.00 ms.
Mono: successfully reloaded assembly
- Completed reload, in  1.077 seconds
Platform modules already initialized, skipping
Refreshing native plugins compatible for Editor in 0.82 ms, found 0 plugins.
Preloading 0 native plugins for Editor in 0.00 ms.
Unloading 1602 Unused Serialized files (Serialized files now loaded: 0)
System memory in use before: 92.7 MB.
System memory in use after: 92.4 MB.

Unloading 7 unused Assets to reduce memory usage. Loaded Objects now: 2122.
Total: 2.747900 ms (FindLiveObjects: 0.210600 ms CreateObjectMapping: 0.039500 ms MarkObjects: 2.082800 ms  DeleteObjects: 0.412700 ms)

========================================================================
Received Prepare
Registering precompiled user dll's ...
Registered in 0.001788 seconds.
Begin MonoManager ReloadAssembly
Native extension for WindowsStandalone target not found
Refreshing native plugins compatible for Editor in 0.65 ms, found 0 plugins.
Preloading 0 native plugins for Editor in 0.00 ms.
Mono: successfully reloaded assembly
- Completed reload, in  1.159 seconds
Platform modules already initialized, skipping
Refreshing native plugins compatible for Editor in 1.05 ms, found 0 plugins.
Preloading 0 native plugins for Editor in 0.00 ms.
Unloading 1602 Unused Serialized files (Serialized files now loaded: 0)
System memory in use before: 92.8 MB.
System memory in use after: 92.4 MB.

Unloading 7 unused Assets to reduce memory usage. Loaded Objects now: 2125.
Total: 3.955600 ms (FindLiveObjects: 0.249200 ms CreateObjectMapping: 0.041000 ms MarkObjects: 3.058300 ms  DeleteObjects: 0.605000 ms)

========================================================================
Received Prepare
Registering precompiled user dll's ...
Registered in 0.001890 seconds.
Begin MonoManager ReloadAssembly
Native extension for WindowsStandalone target not found
Refreshing native plugins compatible for Editor in 0.74 ms, found 0 plugins.
Preloading 0 native plugins for Editor in 0.00 ms.
Mono: successfully reloaded assembly
- Completed reload, in  1.139 seconds
Platform modules already initialized, skipping
Refreshing native plugins compatible for Editor in 0.65 ms, found 0 plugins.
Preloading 0 native plugins for Editor in 0.00 ms.
Unloading 1602 Unused Serialized files (Serialized files now loaded: 0)
System memory in use before: 92.8 MB.
System memory in use after: 92.5 MB.

Unloading 7 unused Assets to reduce memory usage. Loaded Objects now: 2128.
Total: 2.788800 ms (FindLiveObjects: 0.239900 ms CreateObjectMapping: 0.041200 ms MarkObjects: 2.052500 ms  DeleteObjects: 0.452500 ms)

AssetImportWorkerClient::OnTransportError - code=2 error=End of file
